<?xml version="1.0" encoding="UTF-8"?>
<!-- Generated by org.testng.reporters.JUnitXMLReporter -->
<testsuite ignored="3" hostname="DESKTOP-J8QSM23" failures="3" tests="9" name="Test1" time="219.947" errors="0" timestamp="2025-06-25T22:46:14 IST">
  <testcase classname="TestNGExecutions.WebDriverAPITest" name="BrowserControlTest" time="25.342"/>
  <testcase classname="TestNGExecutions.AssertionsTest" name="softAssert" time="4.194">
    <failure type="java.lang.AssertionError" message="The following asserts failed:
	CurrentTitle is not Empty expected [true] but found [false]">
      <![CDATA[java.lang.AssertionError: The following asserts failed:
CurrentTitle is not Empty expected [true] but found [false]
at TestNGExecutions.AssertionsTest.softAssert(AssertionsTest.java:90)
at java.base/java.util.ArrayList.forEach(ArrayList.java:1597)
... Removed 27 stack frames]]>
    </failure>
  </testcase> <!-- softAssert -->
  <testcase classname="TestNGExecutions.WindowHandlingTest" name="PopUpHandlingTest" time="54.727"/>
  <testcase classname="TestNGExecutions.WindowHandlingTest" name="WindowSwitchingTest" time="30.288">
    <failure type="org.openqa.selenium.ElementClickInterceptedException" message="element click intercepted: Element &amp;lt;a _ngcontent-qha-c48=&amp;quot;&amp;quot; aria-label=&amp;quot;Menu Flight. Website will be opened in new tab&amp;quot; rel=&amp;quot;noopener noreferrer&amp;quot; tabindex=&amp;quot;0&amp;quot; target=&amp;quot;_blank&amp;quot; href=&amp;quot;https://www.air.irctc.co.in&amp;quot; class=&amp;quot;a&amp;quot;&amp;gt;...&amp;lt;/a&amp;gt; is not clickable at point (843, 69). Other element would receive the click: &amp;lt;div class=&amp;quot;ui-dialog-titlebar ui-widget-header ui-helper-clearfix ui-corner-top ng-tns-c19-2 ng-star-inserted&amp;quot; style=&amp;quot;&amp;quot;&amp;gt;...&amp;lt;/div&amp;gt;
  (Session info: chrome=137.0.7151.120)
Build info: version: &amp;apos;4.33.0&amp;apos;, revision: &amp;apos;2c6aaad03a&amp;apos;
System info: os.name: &amp;apos;Windows 11&amp;apos;, os.arch: &amp;apos;amd64&amp;apos;, os.version: &amp;apos;10.0&amp;apos;, java.version: &amp;apos;22.0.1&amp;apos;
Driver info: org.openqa.selenium.chrome.ChromeDriver
Command: [24204c0c85a7a1418beb56f4630916d0, clickElement {id=f.69DA9B009D040AC9A7AD57925ACCB166.d.24EAD175D22D627A9CBB3E0EF7FDAB48.e.199}]
Capabilities {acceptInsecureCerts: false, browserName: chrome, browserVersion: 137.0.7151.120, chrome: {chromedriverVersion: 137.0.7151.70 (dfa4dc56b2ab..., userDataDir: C:\Users\LENOVO\AppData\Loc...}, fedcm:accounts: true, goog:chromeOptions: {debuggerAddress: localhost:59250}, networkConnectionEnabled: false, pageLoadStrategy: normal, platformName: windows, proxy: Proxy(), se:cdp: ws://localhost:59250/devtoo..., se:cdpVersion: 137.0.7151.120, setWindowRect: true, strictFileInteractability: false, timeouts: {implicit: 0, pageLoad: 300000, script: 30000}, unhandledPromptBehavior: dismiss and notify, webauthn:extension:credBlob: true, webauthn:extension:largeBlob: true, webauthn:extension:minPinLength: true, webauthn:extension:prf: true, webauthn:virtualAuthenticators: true}
Element: [[ChromeDriver: chrome on windows (24204c0c85a7a1418beb56f4630916d0)] -&amp;gt; xpath: //a[contains(@aria-label,&amp;apos;Menu Flight&amp;apos;)]]
Session ID: 24204c0c85a7a1418beb56f4630916d0">
      <![CDATA[org.openqa.selenium.ElementClickInterceptedException: element click intercepted: Element <a _ngcontent-qha-c48="" aria-label="Menu Flight. Website will be opened in new tab" rel="noopener noreferrer" tabindex="0" target="_blank" href="https://www.air.irctc.co.in" class="a">...</a> is not clickable at point (843, 69). Other element would receive the click: <div class="ui-dialog-titlebar ui-widget-header ui-helper-clearfix ui-corner-top ng-tns-c19-2 ng-star-inserted" style="">...</div>
  (Session info: chrome=137.0.7151.120)
Build info: version: '4.33.0', revision: '2c6aaad03a'
System info: os.name: 'Windows 11', os.arch: 'amd64', os.version: '10.0', java.version: '22.0.1'
Driver info: org.openqa.selenium.chrome.ChromeDriver
Command: [24204c0c85a7a1418beb56f4630916d0, clickElement {id=f.69DA9B009D040AC9A7AD57925ACCB166.d.24EAD175D22D627A9CBB3E0EF7FDAB48.e.199}]
Capabilities {acceptInsecureCerts: false, browserName: chrome, browserVersion: 137.0.7151.120, chrome: {chromedriverVersion: 137.0.7151.70 (dfa4dc56b2ab..., userDataDir: C:\Users\LENOVO\AppData\Loc...}, fedcm:accounts: true, goog:chromeOptions: {debuggerAddress: localhost:59250}, networkConnectionEnabled: false, pageLoadStrategy: normal, platformName: windows, proxy: Proxy(), se:cdp: ws://localhost:59250/devtoo..., se:cdpVersion: 137.0.7151.120, setWindowRect: true, strictFileInteractability: false, timeouts: {implicit: 0, pageLoad: 300000, script: 30000}, unhandledPromptBehavior: dismiss and notify, webauthn:extension:credBlob: true, webauthn:extension:largeBlob: true, webauthn:extension:minPinLength: true, webauthn:extension:prf: true, webauthn:virtualAuthenticators: true}
Element: [[ChromeDriver: chrome on windows (24204c0c85a7a1418beb56f4630916d0)] -> xpath: //a[contains(@aria-label,'Menu Flight')]]
Session ID: 24204c0c85a7a1418beb56f4630916d0
at org.openqa.selenium.remote.ErrorCodec.decode(ErrorCodec.java:167)
at org.openqa.selenium.remote.codec.w3c.W3CHttpResponseCodec.decode(W3CHttpResponseCodec.java:138)
at org.openqa.selenium.remote.codec.w3c.W3CHttpResponseCodec.decode(W3CHttpResponseCodec.java:50)
at org.openqa.selenium.remote.HttpCommandExecutor.execute(HttpCommandExecutor.java:215)
at org.openqa.selenium.remote.service.DriverCommandExecutor.invokeExecute(DriverCommandExecutor.java:216)
at org.openqa.selenium.remote.service.DriverCommandExecutor.execute(DriverCommandExecutor.java:174)
at org.openqa.selenium.remote.RemoteWebDriver.execute(RemoteWebDriver.java:544)
at org.openqa.selenium.remote.RemoteWebElement.execute(RemoteWebElement.java:223)
at org.openqa.selenium.remote.RemoteWebElement.click(RemoteWebElement.java:76)
at TestNGExecutions.WindowHandlingTest.WindowSwitchingTest(WindowHandlingTest.java:48)
at java.base/java.util.ArrayList.forEach(ArrayList.java:1597)
... Removed 28 stack frames]]>
    </failure>
  </testcase> <!-- WindowSwitchingTest -->
  <testcase classname="TestNGExecutions.FrameHandling" name="frameHandling" time="37.545"/>
  <testcase classname="TestNGExecutions.FrameHandling" name="nestedFrame" time="33.202"/>
  <testcase classname="TestNGExecutions.MouseMovementTest" name="ActionsTest" time="17.29"/>
  <testcase classname="TestNGExecutions.MouseMovementTest" name="DragAndDropTest" time="15.67"/>
  <testcase classname="TestNGExecutions.MouseMovementTest" name="KeysClassTest" time="1.501">
    <failure type="org.openqa.selenium.SessionNotCreatedException" message="Could not start a new session. Response code 500. Message: session not created: This version of ChromeDriver only supports Chrome version 126
Current browser version is 137.0.7151.120 with binary path C:\Program Files (x86)\Google\Chrome\Application\chrome.exe 
Host info: host: &amp;apos;DESKTOP-J8QSM23&amp;apos;, ip: &amp;apos;192.168.31.15&amp;apos;
Build info: version: &amp;apos;4.33.0&amp;apos;, revision: &amp;apos;2c6aaad03a&amp;apos;
System info: os.name: &amp;apos;Windows 11&amp;apos;, os.arch: &amp;apos;amd64&amp;apos;, os.version: &amp;apos;10.0&amp;apos;, java.version: &amp;apos;22.0.1&amp;apos;
Driver info: org.openqa.selenium.chrome.ChromeDriver
Command: [null, newSession {capabilities=[Capabilities {browserName: chrome, goog:chromeOptions: {args: [], excludeSwitches: [enable-automation], extensions: []}}]}]">
      <![CDATA[org.openqa.selenium.SessionNotCreatedException: Could not start a new session. Response code 500. Message: session not created: This version of ChromeDriver only supports Chrome version 126
Current browser version is 137.0.7151.120 with binary path C:\Program Files (x86)\Google\Chrome\Application\chrome.exe 
Host info: host: 'DESKTOP-J8QSM23', ip: '192.168.31.15'
Build info: version: '4.33.0', revision: '2c6aaad03a'
System info: os.name: 'Windows 11', os.arch: 'amd64', os.version: '10.0', java.version: '22.0.1'
Driver info: org.openqa.selenium.chrome.ChromeDriver
Command: [null, newSession {capabilities=[Capabilities {browserName: chrome, goog:chromeOptions: {args: [], excludeSwitches: [enable-automation], extensions: []}}]}]
at org.openqa.selenium.remote.ProtocolHandshake.createSession(ProtocolHandshake.java:114)
at org.openqa.selenium.remote.ProtocolHandshake.createSession(ProtocolHandshake.java:75)
at org.openqa.selenium.remote.ProtocolHandshake.createSession(ProtocolHandshake.java:61)
at org.openqa.selenium.remote.HttpCommandExecutor.execute(HttpCommandExecutor.java:187)
at org.openqa.selenium.remote.service.DriverCommandExecutor.invokeExecute(DriverCommandExecutor.java:216)
at org.openqa.selenium.remote.service.DriverCommandExecutor.execute(DriverCommandExecutor.java:174)
at org.openqa.selenium.remote.RemoteWebDriver.execute(RemoteWebDriver.java:544)
at org.openqa.selenium.remote.RemoteWebDriver.startSession(RemoteWebDriver.java:244)
at org.openqa.selenium.remote.RemoteWebDriver.<init>(RemoteWebDriver.java:173)
at org.openqa.selenium.chromium.ChromiumDriver.<init>(ChromiumDriver.java:110)
at org.openqa.selenium.chrome.ChromeDriver.<init>(ChromeDriver.java:88)
at org.openqa.selenium.chrome.ChromeDriver.<init>(ChromeDriver.java:83)
at org.openqa.selenium.chrome.ChromeDriver.<init>(ChromeDriver.java:72)
at TestNGExecutions.MouseMovementTest.KeysClassTest(MouseMovementTest.java:108)
at java.base/java.util.ArrayList.forEach(ArrayList.java:1597)
... Removed 25 stack frames]]>
    </failure>
  </testcase> <!-- KeysClassTest -->
  <testcase classname="TestNGExecutions.AlertClassTest" name="AlertTest" time="0.0">
    <ignored/>
  </testcase> <!-- AlertTest -->
  <testcase classname="TestNGExecutions.AssertionsTest" name="HardAsserts" time="0.0">
    <ignored/>
  </testcase> <!-- HardAsserts -->
  <testcase classname="TestNGExecutions.WebDriverAPITest" name="WebElementAPITest" time="0.0">
    <ignored/>
  </testcase> <!-- WebElementAPITest -->
</testsuite> <!-- Test1 -->
